<?xml version="1.0" encoding="UTF-8"?>
<!-- Generated by org.testng.reporters.JUnitReportReporter -->
<testsuite hostname="CBT-MH-000" name="cucumberOptions.TestRunner" tests="1" failures="0" timestamp="5 Nov 2019 05:51:08 GMT" time="95.054" errors="0">
  <testcase name="feature" time="95.054" classname="cucumberOptions.TestRunner"/>
</testsuite> <!-- cucumberOptions.TestRunner -->
