<?xml version="1.0" encoding="UTF-8"?>
<!-- Generated by org.testng.reporters.JUnitReportReporter -->
<testsuite hostname="CBT-MH-000" name="TestPackage.ValidateCarBookingAsUser" tests="1" failures="0" timestamp="5 Nov 2019 05:08:10 GMT" time="93.647" errors="0">
  <testcase name="BookAsExistingUser" time="93.647" classname="TestPackage.ValidateCarBookingAsUser"/>
</testsuite> <!-- TestPackage.ValidateCarBookingAsUser -->
