<?xml version="1.0" encoding="UTF-8"?>
<!-- Generated by org.testng.reporters.JUnitReportReporter -->
<testsuite hostname="CBT-MH-000" name="TestPackage.ValidateCarSearch" tests="1" failures="0" timestamp="5 Nov 2019 04:39:11 GMT" time="51.638" errors="0">
  <testcase name="CheckCarSearch" time="51.638" classname="TestPackage.ValidateCarSearch"/>
</testsuite> <!-- TestPackage.ValidateCarSearch -->
