<?xml version="1.0" encoding="UTF-8"?>
<!-- Generated by org.testng.reporters.JUnitReportReporter -->
<testsuite hostname="CBT-MH-000" name="TestPackage.ValidateCarBookingAsGuest" tests="1" failures="0" timestamp="5 Nov 2019 05:13:37 GMT" time="66.103" errors="0">
  <testcase name="BookAsGuest" time="66.103" classname="TestPackage.ValidateCarBookingAsGuest"/>
</testsuite> <!-- TestPackage.ValidateCarBookingAsGuest -->
