<?xml version="1.0" encoding="UTF-8"?>
<!-- Generated by org.testng.reporters.JUnitReportReporter -->
<testsuite hostname="CBT-MH-000" name="TestPackage.ValidateLoginPage" tests="1" failures="0" timestamp="5 Nov 2019 05:48:40 GMT" time="34.132" errors="0">
  <testcase name="CheckLoginPage" time="34.132" classname="TestPackage.ValidateLoginPage"/>
</testsuite> <!-- TestPackage.ValidateLoginPage -->
